  [1m[36m (115.8ms)[0m  [1mDROP DATABASE IF EXISTS "corpsebook_development"[0m
  [1m[35m (112.4ms)[0m  DROP DATABASE IF EXISTS "corpsebook_test"
  [1m[36m (247.6ms)[0m  [1mCREATE DATABASE "corpsebook_development" ENCODING = 'unicode'[0m
  [1m[35m (245.5ms)[0m  CREATE DATABASE "corpsebook_test" ENCODING = 'unicode'
  [1m[36m (115.1ms)[0m  [1mDROP DATABASE IF EXISTS "corpsebook_development"[0m
  [1m[35m (114.4ms)[0m  DROP DATABASE IF EXISTS "corpsebook_test"
  [1m[36m (248.9ms)[0m  [1mCREATE DATABASE "corpsebook_development" ENCODING = 'unicode'[0m
  [1m[35m (271.0ms)[0m  CREATE DATABASE "corpsebook_test" ENCODING = 'unicode'
  [1m[36mSQL (0.6ms)[0m  [1mCREATE EXTENSION IF NOT EXISTS "plpgsql"[0m
  [1m[35m (18.2ms)[0m  CREATE TABLE "locations" ("id" serial primary key, "lat" decimal, "lng" decimal) 
  [1m[36m (9.8ms)[0m  [1mCREATE TABLE "contributions" ("id" serial primary key, "story_id" integer, "content" text, "created_at" timestamp NOT NULL, "updated_at" timestamp NOT NULL) [0m
  [1m[35m (3.7ms)[0m  CREATE  INDEX  "index_contributions_on_story_id" ON "contributions" USING btree ("story_id")
  [1m[36m (12.3ms)[0m  [1mCREATE TABLE "stories" ("id" serial primary key, "title" character varying, "origin_latitude" float, "origin_longitude" float, "contribution_limit" integer, "completed" boolean, "created_at" timestamp NOT NULL, "updated_at" timestamp NOT NULL) [0m
  [1m[35m (5.9ms)[0m  ALTER TABLE "contributions" ADD CONSTRAINT "fk_rails_7359a5903d"
FOREIGN KEY ("story_id")
  REFERENCES "stories" ("id")

  [1m[36m (4.4ms)[0m  [1mCREATE TABLE "schema_migrations" ("version" character varying NOT NULL) [0m
  [1m[35m (3.8ms)[0m  CREATE UNIQUE INDEX  "unique_schema_migrations" ON "schema_migrations"  ("version")
  [1m[36m (0.5ms)[0m  [1mSELECT version FROM "schema_migrations"[0m
  [1m[35m (1.1ms)[0m  INSERT INTO "schema_migrations" (version) VALUES ('20150515000209')
  [1m[36m (0.8ms)[0m  [1mINSERT INTO "schema_migrations" (version) VALUES ('20150514230218')[0m
  [1m[35m (0.8ms)[0m  INSERT INTO "schema_migrations" (version) VALUES ('20150514053116')
  [1m[36mSQL (0.4ms)[0m  [1mCREATE EXTENSION IF NOT EXISTS "plpgsql"[0m
  [1m[35m (15.6ms)[0m  CREATE TABLE "locations" ("id" serial primary key, "lat" decimal, "lng" decimal) 
  [1m[36m (9.4ms)[0m  [1mCREATE TABLE "contributions" ("id" serial primary key, "story_id" integer, "content" text, "created_at" timestamp NOT NULL, "updated_at" timestamp NOT NULL) [0m
  [1m[35m (3.3ms)[0m  CREATE  INDEX  "index_contributions_on_story_id" ON "contributions" USING btree ("story_id")
  [1m[36m (7.6ms)[0m  [1mCREATE TABLE "stories" ("id" serial primary key, "title" character varying, "origin_latitude" float, "origin_longitude" float, "contribution_limit" integer, "completed" boolean, "created_at" timestamp NOT NULL, "updated_at" timestamp NOT NULL) [0m
  [1m[35m (3.8ms)[0m  ALTER TABLE "contributions" ADD CONSTRAINT "fk_rails_7359a5903d"
FOREIGN KEY ("story_id")
  REFERENCES "stories" ("id")

  [1m[36m (4.3ms)[0m  [1mCREATE TABLE "schema_migrations" ("version" character varying NOT NULL) [0m
  [1m[35m (7.3ms)[0m  CREATE UNIQUE INDEX  "unique_schema_migrations" ON "schema_migrations"  ("version")
  [1m[36m (0.4ms)[0m  [1mSELECT version FROM "schema_migrations"[0m
  [1m[35m (1.1ms)[0m  INSERT INTO "schema_migrations" (version) VALUES ('20150515000209')
  [1m[36m (1.0ms)[0m  [1mINSERT INTO "schema_migrations" (version) VALUES ('20150514230218')[0m
  [1m[35m (0.9ms)[0m  INSERT INTO "schema_migrations" (version) VALUES ('20150514053116')
  [1m[36mActiveRecord::SchemaMigration Load (0.8ms)[0m  [1mSELECT "schema_migrations".* FROM "schema_migrations"[0m
  [1m[35m (0.4ms)[0m  BEGIN
  [1m[36mSQL (1.2ms)[0m  [1mINSERT INTO "stories" ("title", "origin_latitude", "origin_longitude", "contribution_limit", "completed", "created_at", "updated_at") VALUES ($1, $2, $3, $4, $5, $6, $7) RETURNING "id"[0m  [["title", "Supernatural Winnipeg"], ["origin_latitude", -41.2967128], ["origin_longitude", 174.77388449999998], ["contribution_limit", 12], ["completed", "f"], ["created_at", "2015-05-15 01:25:37.202055"], ["updated_at", "2015-05-15 01:25:37.202055"]]
  [1m[35m (1.1ms)[0m  COMMIT
  [1m[36mActiveRecord::SchemaMigration Load (0.3ms)[0m  [1mSELECT "schema_migrations".* FROM "schema_migrations"[0m
Migrating to ChangeStoriesTableToLocatable (20150515014233)
  [1m[35m (2.9ms)[0m  ALTER TABLE "stories" DROP "origin_latitude"
  [1m[36m (1.4ms)[0m  [1mALTER TABLE "stories" DROP "origin_longitude"[0m
  [1m[35m (1.5ms)[0m  ALTER TABLE "stories" ADD "locatable_id" integer
  [1m[36m (1.1ms)[0m  [1mALTER TABLE "stories" ADD "locatable_type" character varying[0m
  [1m[35m (4.8ms)[0m  CREATE  INDEX  "index_stories_on_locatable_type_and_locatable_id" ON "stories"  ("locatable_type", "locatable_id")
  [1m[36m (0.2ms)[0m  [1mBEGIN[0m
  [1m[35mSQL (0.8ms)[0m  INSERT INTO "schema_migrations" ("version") VALUES ($1)  [["version", "20150515014233"]]
  [1m[36m (1.2ms)[0m  [1mCOMMIT[0m
  [1m[35mActiveRecord::SchemaMigration Load (0.6ms)[0m  SELECT "schema_migrations".* FROM "schema_migrations"
  [1m[36m (3.5ms)[0m  [1mSELECT t2.oid::regclass::text AS to_table, a1.attname AS column, a2.attname AS primary_key, c.conname AS name, c.confupdtype AS on_update, c.confdeltype AS on_delete
FROM pg_constraint c
JOIN pg_class t1 ON c.conrelid = t1.oid
JOIN pg_class t2 ON c.confrelid = t2.oid
JOIN pg_attribute a1 ON a1.attnum = c.conkey[1] AND a1.attrelid = t1.oid
JOIN pg_attribute a2 ON a2.attnum = c.confkey[1] AND a2.attrelid = t2.oid
JOIN pg_namespace t3 ON c.connamespace = t3.oid
WHERE c.contype = 'f'
  AND t1.relname = 'contributions'
  AND t3.nspname = ANY (current_schemas(false))
ORDER BY c.conname
[0m
  [1m[35m (3.3ms)[0m  SELECT t2.oid::regclass::text AS to_table, a1.attname AS column, a2.attname AS primary_key, c.conname AS name, c.confupdtype AS on_update, c.confdeltype AS on_delete
FROM pg_constraint c
JOIN pg_class t1 ON c.conrelid = t1.oid
JOIN pg_class t2 ON c.confrelid = t2.oid
JOIN pg_attribute a1 ON a1.attnum = c.conkey[1] AND a1.attrelid = t1.oid
JOIN pg_attribute a2 ON a2.attnum = c.confkey[1] AND a2.attrelid = t2.oid
JOIN pg_namespace t3 ON c.connamespace = t3.oid
WHERE c.contype = 'f'
  AND t1.relname = 'locations'
  AND t3.nspname = ANY (current_schemas(false))
ORDER BY c.conname

  [1m[36m (4.3ms)[0m  [1mSELECT t2.oid::regclass::text AS to_table, a1.attname AS column, a2.attname AS primary_key, c.conname AS name, c.confupdtype AS on_update, c.confdeltype AS on_delete
FROM pg_constraint c
JOIN pg_class t1 ON c.conrelid = t1.oid
JOIN pg_class t2 ON c.confrelid = t2.oid
JOIN pg_attribute a1 ON a1.attnum = c.conkey[1] AND a1.attrelid = t1.oid
JOIN pg_attribute a2 ON a2.attnum = c.confkey[1] AND a2.attrelid = t2.oid
JOIN pg_namespace t3 ON c.connamespace = t3.oid
WHERE c.contype = 'f'
  AND t1.relname = 'stories'
  AND t3.nspname = ANY (current_schemas(false))
ORDER BY c.conname
[0m
